<?xml version="1.0" encoding="UTF-8"?>
<!-- Generated by org.testng.reporters.JUnitReportReporter -->
<testsuite hostname="CHITTI" name="pom.testcases.TC001_IrctcRegistration" tests="1" failures="0" timestamp="13 Jul 2021 04:36:38 GMT" time="180.050" errors="0">
  <testcase name="irctcRegistration" time="180.050" classname="pom.testcases.TC001_IrctcRegistration"/>
</testsuite> <!-- pom.testcases.TC001_IrctcRegistration -->
