<?xml version="1.0" encoding="UTF-8"?>
<!-- Generated by org.testng.reporters.JUnitReportReporter -->
<testsuite hostname="CHITTI" name="utils.SampleReport" tests="1" failures="0" timestamp="10 Jul 2021 03:27:51 GMT" time="2.322" errors="0">
  <testcase name="generateReport" time="2.322" classname="utils.SampleReport"/>
</testsuite> <!-- utils.SampleReport -->
